<?xml version="1.0" encoding="UTF-8"?>
<!-- Generated by org.testng.reporters.JUnitReportReporter -->
<testsuite hostname="DESKTOP-POULLFM" failures="0" tests="1" name="testautomationproject.Seleniumprojectjava.FlightBookingBasic" time="15.065" errors="0" timestamp="2025-06-08T13:55:20 IST" skipped="0">
  <testcase classname="testautomationproject.Seleniumprojectjava.FlightBookingBasic" name="BasicTestFlights" time="15.065"/>
</testsuite> <!-- testautomationproject.Seleniumprojectjava.FlightBookingBasic -->
