<?xml version="1.0" encoding="UTF-8"?>
<!-- Generated by org.testng.reporters.JUnitReportReporter -->
<testsuite hostname="DESKTOP-POULLFM" failures="0" tests="3" name="testautomationproject.Seleniumprojectjava.ExtendedTest" time="24.702" errors="0" timestamp="2025-03-30T16:43:38 IST" skipped="0">
  <testcase classname="testautomationproject.Seleniumprojectjava.ExtendedTest" name="filterWithText" time="7.564"/>
  <testcase classname="testautomationproject.Seleniumprojectjava.ExtendedTest" name="filterWithText" time="9.781"/>
  <testcase classname="testautomationproject.Seleniumprojectjava.ExtendedTest" name="filterWithText" time="7.357"/>
</testsuite> <!-- testautomationproject.Seleniumprojectjava.ExtendedTest -->
