<?xml version="1.0" encoding="UTF-8"?>
<!-- Generated by org.testng.reporters.JUnitReportReporter -->
<testsuite hostname="DESKTOP-POULLFM" failures="0" tests="1" name="testautomationproject.Seleniumprojectjava.ErrorValidations" time="11.663" errors="0" timestamp="2025-02-16T17:46:24 IST" skipped="0">
  <testcase classname="testautomationproject.Seleniumprojectjava.ErrorValidations" name="deleteIteminCart" time="11.663"/>
</testsuite> <!-- testautomationproject.Seleniumprojectjava.ErrorValidations -->
