<?xml version="1.0" encoding="UTF-8"?>
<!-- Generated by org.testng.reporters.JUnitReportReporter -->
<testsuite hostname="DESKTOP-POULLFM" failures="0" tests="1" name="testautomationproject.Seleniumprojectjava.UploadDownloadBasic" time="11.797" errors="0" timestamp="2025-06-25T11:09:56 IST" skipped="0">
  <testcase classname="testautomationproject.Seleniumprojectjava.UploadDownloadBasic" name="BasicUploadDownload" time="11.797"/>
</testsuite> <!-- testautomationproject.Seleniumprojectjava.UploadDownloadBasic -->
