<?xml version="1.0" encoding="UTF-8"?>
<!-- Generated by org.testng.reporters.JUnitReportReporter -->
<testsuite hostname="DESKTOP-POULLFM" failures="0" tests="1" name="testautomationproject.Seleniumprojectjava.StandaloneTest" time="12.154" errors="0" timestamp="2025-02-23T14:33:53 IST" skipped="0">
  <testcase classname="testautomationproject.Seleniumprojectjava.StandaloneTest" name="submitOrder" time="12.154"/>
</testsuite> <!-- testautomationproject.Seleniumprojectjava.StandaloneTest -->
