<?xml version="1.0" encoding="UTF-8"?>
<!-- Generated by org.testng.reporters.JUnitReportReporter -->
<testsuite hostname="DESKTOP-POULLFM" failures="0" tests="1" name="testautomationproject.Seleniumprojectjava.UploadDownloadBasic" time="14.185" errors="0" timestamp="2025-06-29T19:14:53 IST" skipped="0">
  <testcase classname="testautomationproject.Seleniumprojectjava.UploadDownloadBasic" name="BasicUploadDownload" time="14.185"/>
</testsuite> <!-- testautomationproject.Seleniumprojectjava.UploadDownloadBasic -->
