<?xml version="1.0" encoding="UTF-8"?>
<!-- Generated by org.testng.reporters.JUnitReportReporter -->
<testsuite hostname="DESKTOP-POULLFM" failures="0" tests="9" name="testautomationproject.Seleniumprojectjava.ExtendedTest" time="99.621" errors="0" timestamp="2025-03-30T17:20:07 IST" skipped="0">
  <testcase classname="testautomationproject.Seleniumprojectjava.ExtendedTest" name="filterProducts" time="14.171"/>
  <testcase classname="testautomationproject.Seleniumprojectjava.ExtendedTest" name="filterProducts" time="13.422"/>
  <testcase classname="testautomationproject.Seleniumprojectjava.ExtendedTest" name="filterProducts" time="12.678"/>
  <testcase classname="testautomationproject.Seleniumprojectjava.ExtendedTest" name="filterWithText" time="6.495"/>
  <testcase classname="testautomationproject.Seleniumprojectjava.ExtendedTest" name="filterWithText" time="6.998"/>
  <testcase classname="testautomationproject.Seleniumprojectjava.ExtendedTest" name="filterProducts" time="14.770"/>
  <testcase classname="testautomationproject.Seleniumprojectjava.ExtendedTest" name="filterProducts" time="12.770"/>
  <testcase classname="testautomationproject.Seleniumprojectjava.ExtendedTest" name="filterProducts" time="12.159"/>
  <testcase classname="testautomationproject.Seleniumprojectjava.ExtendedTest" name="filterWithText" time="6.158"/>
</testsuite> <!-- testautomationproject.Seleniumprojectjava.ExtendedTest -->
