<?xml version="1.0" encoding="UTF-8"?>
<!-- Generated by org.testng.reporters.JUnitReportReporter -->
<testsuite hostname="DESKTOP-POULLFM" failures="0" tests="1" name="testautomationproject.Seleniumprojectjava.ErrorValidationsTest" time="5.115" errors="0" timestamp="2025-02-23T15:16:29 IST" skipped="0">
  <testcase classname="testautomationproject.Seleniumprojectjava.ErrorValidationsTest" name="viewProduct" time="5.115"/>
</testsuite> <!-- testautomationproject.Seleniumprojectjava.ErrorValidationsTest -->
